2021-11-16T12:13:15+00:00 CRITICAL syntax error, unexpected token "\" in C:\xampp\htdocs\wblsite\wp-content\plugins\arrowpress-core\includes\widgets\posts.php on line 108

2021-11-16T12:15:12+00:00 CRITICAL syntax error, unexpected token "\" in C:\xampp\htdocs\wblsite\wp-content\plugins\arrowpress-core\includes\widgets\posts.php on line 108

2021-11-16T12:17:13+00:00 CRITICAL syntax error, unexpected token "\" in C:\xampp\htdocs\wblsite\wp-content\plugins\arrowpress-core\includes\widgets\posts.php on line 108

2021-11-16T12:18:14+00:00 CRITICAL syntax error, unexpected token "\" in C:\xampp\htdocs\wblsite\wp-content\plugins\arrowpress-core\includes\widgets\posts.php on line 108

2021-11-16T12:20:23+00:00 CRITICAL syntax error, unexpected token "\" in C:\xampp\htdocs\wblsite\wp-content\plugins\arrowpress-core\includes\widgets\posts.php on line 108

2021-11-16T12:22:16+00:00 CRITICAL syntax error, unexpected token "\" in C:\xampp\htdocs\wblsite\wp-content\plugins\arrowpress-core\includes\widgets\posts.php on line 108

2021-11-16T12:24:17+00:00 CRITICAL syntax error, unexpected token "\" in C:\xampp\htdocs\wblsite\wp-content\plugins\arrowpress-core\includes\widgets\posts.php on line 108

2021-11-16T12:26:18+00:00 CRITICAL syntax error, unexpected token "\" in C:\xampp\htdocs\wblsite\wp-content\plugins\arrowpress-core\includes\widgets\posts.php on line 108

2021-11-16T12:48:48+00:00 CRITICAL syntax error, unexpected token "\" in C:\xampp\htdocs\wblsite\wp-content\plugins\arrowpress-core\includes\widgets\posts.php on line 108

2021-11-16T12:48:55+00:00 CRITICAL syntax error, unexpected token "\" in C:\xampp\htdocs\wblsite\wp-content\plugins\arrowpress-core\includes\widgets\posts.php on line 108

2021-11-16T12:49:07+00:00 CRITICAL syntax error, unexpected token "\" in C:\xampp\htdocs\wblsite\wp-content\plugins\arrowpress-core\includes\widgets\posts.php on line 108

2021-11-16T13:47:05+00:00 CRITICAL syntax error, unexpected token "\" in C:\xampp\htdocs\wblsite\wp-content\plugins\arrowpress-core\includes\widgets\posts.php on line 108

2021-11-16T13:59:15+00:00 CRITICAL syntax error, unexpected token "\" in C:\xampp\htdocs\wblsite\wp-content\plugins\arrowpress-core\includes\elementor\widgets\blog.php on line 944

2021-11-16T14:00:37+00:00 CRITICAL syntax error, unexpected token "\" in C:\xampp\htdocs\wblsite\wp-content\plugins\arrowpress-core\includes\elementor\widgets\portfolio.php on line 904

2021-11-16T15:59:33+00:00 CRITICAL Uncaught Error: Class "Elementor\WP_Query" not found in C:\xampp\htdocs\wblsite\wp-content\plugins\arrowpress-core\includes\elementor\widgets\blog.php:944
Stack trace:
#0 C:\xampp\htdocs\wblsite\wp-content\plugins\elementor\includes\base\controls-stack.php(2154): Elementor\Apr_Core_Blog->render()
#1 C:\xampp\htdocs\wblsite\wp-content\plugins\elementor\includes\base\widget-base.php(581): Elementor\Controls_Stack->render_by_mode()
#2 C:\xampp\htdocs\wblsite\wp-content\plugins\elementor\includes\base\widget-base.php(722): Elementor\Widget_Base->render_content()
#3 C:\xampp\htdocs\wblsite\wp-content\plugins\elementor\includes\base\element-base.php(450): Elementor\Widget_Base->print_content()
#4 C:\xampp\htdocs\wblsite\wp-content\plugins\elementor\includes\base\element-base.php(744): Elementor\Element_Base->print_element()
#5 C:\xampp\htdocs\wblsite\wp-content\plugins\elementor\includes\base\element-base.php(450): Elementor\Element_Base->print_content()
#6 C:\xampp\htdocs\wblsite\wp-content\plugins\elementor\includes\base\element-base.php(744): Elementor\Element_Base->print_element()
#7 C:\xampp\htdocs\wblsite\wp-content\plugins\elementor\includes\base\element-base.php(450): Elementor\Element_Base->print_content()
#8 C:\xampp\htdocs\wblsite\wp-content\plugins\elementor\includes\base\element-base.php(744): Elementor\Element_Base->print_element()
#9 C:\xampp\htdocs\wblsite\wp-content\plugins\elementor\includes\base\element-base.php(450): Elementor\Element_Base->print_content()
#10 C:\xampp\htdocs\wblsite\wp-content\plugins\elementor\includes\base\element-base.php(744): Elementor\Element_Base->print_element()
#11 C:\xampp\htdocs\wblsite\wp-content\plugins\elementor\includes\base\element-base.php(450): Elementor\Element_Base->print_content()
#12 C:\xampp\htdocs\wblsite\wp-content\plugins\elementor\core\base\document.php(1516): Elementor\Element_Base->print_element()
#13 C:\xampp\htdocs\wblsite\wp-content\plugins\elementor\core\base\document.php(989): Elementor\Core\Base\Document->print_elements(Array)
#14 C:\xampp\htdocs\wblsite\wp-content\plugins\elementor\includes\frontend.php(1055): Elementor\Core\Base\Document->print_elements_with_wrapper(Array)
#15 C:\xampp\htdocs\wblsite\wp-content\plugins\elementor\includes\frontend.php(969): Elementor\Frontend->get_builder_content(9761)
#16 C:\xampp\htdocs\wblsite\wp-includes\class-wp-hook.php(303): Elementor\Frontend->apply_builder_in_content('<!-- START Home...')
#17 C:\xampp\htdocs\wblsite\wp-includes\plugin.php(189): WP_Hook->apply_filters('<!-- START Home...', Array)
#18 C:\xampp\htdocs\wblsite\wp-includes\post-template.php(253): apply_filters('the_content', '<!-- START Home...')
#19 C:\xampp\htdocs\wblsite\wp-content\themes\arrowit\templates\content-page.php(3): the_content()
#20 C:\xampp\htdocs\wblsite\wp-includes\template.php(772): require('C:\\xampp\\htdocs...')
#21 C:\xampp\htdocs\wblsite\wp-includes\template.php(716): load_template('C:\\xampp\\htdocs...', false, Array)
#22 C:\xampp\htdocs\wblsite\wp-includes\general-template.php(204): locate_template(Array, true, false, Array)
#23 C:\xampp\htdocs\wblsite\wp-content\themes\arrowit\page.php(9): get_template_part('templates/conte...', 'page')
#24 C:\xampp\htdocs\wblsite\wp-includes\template-loader.php(106): include('C:\\xampp\\htdocs...')
#25 C:\xampp\htdocs\wblsite\wp-blog-header.php(19): require_once('C:\\xampp\\htdocs...')
#26 C:\xampp\htdocs\wblsite\index.php(17): require('C:\\xampp\\htdocs...')
#27 {main}
  thrown in C:\xampp\htdocs\wblsite\wp-content\plugins\arrowpress-core\includes\elementor\widgets\blog.php on line 944

2021-11-16T16:00:12+00:00 CRITICAL Uncaught Error: Class "Elementor\WP_Query" not found in C:\xampp\htdocs\wblsite\wp-content\plugins\arrowpress-core\includes\elementor\widgets\blog.php:944
Stack trace:
#0 C:\xampp\htdocs\wblsite\wp-content\plugins\elementor\includes\base\controls-stack.php(2154): Elementor\Apr_Core_Blog->render()
#1 C:\xampp\htdocs\wblsite\wp-content\plugins\elementor\includes\base\widget-base.php(581): Elementor\Controls_Stack->render_by_mode()
#2 C:\xampp\htdocs\wblsite\wp-content\plugins\elementor\includes\base\widget-base.php(722): Elementor\Widget_Base->render_content()
#3 C:\xampp\htdocs\wblsite\wp-content\plugins\elementor\includes\base\element-base.php(450): Elementor\Widget_Base->print_content()
#4 C:\xampp\htdocs\wblsite\wp-content\plugins\elementor\includes\base\element-base.php(744): Elementor\Element_Base->print_element()
#5 C:\xampp\htdocs\wblsite\wp-content\plugins\elementor\includes\base\element-base.php(450): Elementor\Element_Base->print_content()
#6 C:\xampp\htdocs\wblsite\wp-content\plugins\elementor\includes\base\element-base.php(744): Elementor\Element_Base->print_element()
#7 C:\xampp\htdocs\wblsite\wp-content\plugins\elementor\includes\base\element-base.php(450): Elementor\Element_Base->print_content()
#8 C:\xampp\htdocs\wblsite\wp-content\plugins\elementor\core\base\document.php(1516): Elementor\Element_Base->print_element()
#9 C:\xampp\htdocs\wblsite\wp-content\plugins\elementor\core\base\document.php(989): Elementor\Core\Base\Document->print_elements(Array)
#10 C:\xampp\htdocs\wblsite\wp-content\plugins\elementor\includes\frontend.php(1055): Elementor\Core\Base\Document->print_elements_with_wrapper(Array)
#11 C:\xampp\htdocs\wblsite\wp-content\plugins\elementor\includes\frontend.php(969): Elementor\Frontend->get_builder_content(2012)
#12 C:\xampp\htdocs\wblsite\wp-includes\class-wp-hook.php(303): Elementor\Frontend->apply_builder_in_content('<!-- START Home...')
#13 C:\xampp\htdocs\wblsite\wp-includes\plugin.php(189): WP_Hook->apply_filters('<!-- START Home...', Array)
#14 C:\xampp\htdocs\wblsite\wp-includes\post-template.php(253): apply_filters('the_content', '<!-- START Home...')
#15 C:\xampp\htdocs\wblsite\wp-content\themes\arrowit\templates\content-page.php(3): the_content()
#16 C:\xampp\htdocs\wblsite\wp-includes\template.php(772): require('C:\\xampp\\htdocs...')
#17 C:\xampp\htdocs\wblsite\wp-includes\template.php(716): load_template('C:\\xampp\\htdocs...', false, Array)
#18 C:\xampp\htdocs\wblsite\wp-includes\general-template.php(204): locate_template(Array, true, false, Array)
#19 C:\xampp\htdocs\wblsite\wp-content\themes\arrowit\page.php(9): get_template_part('templates/conte...', 'page')
#20 C:\xampp\htdocs\wblsite\wp-includes\template-loader.php(106): include('C:\\xampp\\htdocs...')
#21 C:\xampp\htdocs\wblsite\wp-blog-header.php(19): require_once('C:\\xampp\\htdocs...')
#22 C:\xampp\htdocs\wblsite\index.php(17): require('C:\\xampp\\htdocs...')
#23 {main}
  thrown in C:\xampp\htdocs\wblsite\wp-content\plugins\arrowpress-core\includes\elementor\widgets\blog.php on line 944

2021-11-16T16:00:13+00:00 CRITICAL Uncaught Error: Class "Elementor\WP_Query" not found in C:\xampp\htdocs\wblsite\wp-content\plugins\arrowpress-core\includes\elementor\widgets\blog.php:944
Stack trace:
#0 C:\xampp\htdocs\wblsite\wp-content\plugins\elementor\includes\base\controls-stack.php(2154): Elementor\Apr_Core_Blog->render()
#1 C:\xampp\htdocs\wblsite\wp-content\plugins\elementor\includes\base\widget-base.php(581): Elementor\Controls_Stack->render_by_mode()
#2 C:\xampp\htdocs\wblsite\wp-content\plugins\elementor\includes\base\widget-base.php(722): Elementor\Widget_Base->render_content()
#3 C:\xampp\htdocs\wblsite\wp-content\plugins\elementor\includes\base\element-base.php(450): Elementor\Widget_Base->print_content()
#4 C:\xampp\htdocs\wblsite\wp-content\plugins\elementor\includes\base\element-base.php(744): Elementor\Element_Base->print_element()
#5 C:\xampp\htdocs\wblsite\wp-content\plugins\elementor\includes\base\element-base.php(450): Elementor\Element_Base->print_content()
#6 C:\xampp\htdocs\wblsite\wp-content\plugins\elementor\includes\base\element-base.php(744): Elementor\Element_Base->print_element()
#7 C:\xampp\htdocs\wblsite\wp-content\plugins\elementor\includes\base\element-base.php(450): Elementor\Element_Base->print_content()
#8 C:\xampp\htdocs\wblsite\wp-content\plugins\elementor\includes\base\element-base.php(744): Elementor\Element_Base->print_element()
#9 C:\xampp\htdocs\wblsite\wp-content\plugins\elementor\includes\base\element-base.php(450): Elementor\Element_Base->print_content()
#10 C:\xampp\htdocs\wblsite\wp-content\plugins\elementor\includes\base\element-base.php(744): Elementor\Element_Base->print_element()
#11 C:\xampp\htdocs\wblsite\wp-content\plugins\elementor\includes\base\element-base.php(450): Elementor\Element_Base->print_content()
#12 C:\xampp\htdocs\wblsite\wp-content\plugins\elementor\core\base\document.php(1516): Elementor\Element_Base->print_element()
#13 C:\xampp\htdocs\wblsite\wp-content\plugins\elementor\core\base\document.php(989): Elementor\Core\Base\Document->print_elements(Array)
#14 C:\xampp\htdocs\wblsite\wp-content\plugins\elementor\includes\frontend.php(1055): Elementor\Core\Base\Document->print_elements_with_wrapper(Array)
#15 C:\xampp\htdocs\wblsite\wp-content\plugins\elementor\includes\frontend.php(969): Elementor\Frontend->get_builder_content(3589)
#16 C:\xampp\htdocs\wblsite\wp-includes\class-wp-hook.php(303): Elementor\Frontend->apply_builder_in_content('<!-- START Home...')
#17 C:\xampp\htdocs\wblsite\wp-includes\plugin.php(189): WP_Hook->apply_filters('<!-- START Home...', Array)
#18 C:\xampp\htdocs\wblsite\wp-includes\post-template.php(253): apply_filters('the_content', '<!-- START Home...')
#19 C:\xampp\htdocs\wblsite\wp-content\themes\arrowit\templates\content-page.php(3): the_content()
#20 C:\xampp\htdocs\wblsite\wp-includes\template.php(772): require('C:\\xampp\\htdocs...')
#21 C:\xampp\htdocs\wblsite\wp-includes\template.php(716): load_template('C:\\xampp\\htdocs...', false, Array)
#22 C:\xampp\htdocs\wblsite\wp-includes\general-template.php(204): locate_template(Array, true, false, Array)
#23 C:\xampp\htdocs\wblsite\wp-content\themes\arrowit\page.php(9): get_template_part('templates/conte...', 'page')
#24 C:\xampp\htdocs\wblsite\wp-includes\template-loader.php(106): include('C:\\xampp\\htdocs...')
#25 C:\xampp\htdocs\wblsite\wp-blog-header.php(19): require_once('C:\\xampp\\htdocs...')
#26 C:\xampp\htdocs\wblsite\index.php(17): require('C:\\xampp\\htdocs...')
#27 {main}
  thrown in C:\xampp\htdocs\wblsite\wp-content\plugins\arrowpress-core\includes\elementor\widgets\blog.php on line 944

2021-11-16T16:00:20+00:00 CRITICAL Uncaught Error: Class "Elementor\WP_Query" not found in C:\xampp\htdocs\wblsite\wp-content\plugins\arrowpress-core\includes\elementor\widgets\blog.php:944
Stack trace:
#0 C:\xampp\htdocs\wblsite\wp-content\plugins\elementor\includes\base\controls-stack.php(2154): Elementor\Apr_Core_Blog->render()
#1 C:\xampp\htdocs\wblsite\wp-content\plugins\elementor\includes\base\widget-base.php(581): Elementor\Controls_Stack->render_by_mode()
#2 C:\xampp\htdocs\wblsite\wp-content\plugins\elementor\includes\base\widget-base.php(722): Elementor\Widget_Base->render_content()
#3 C:\xampp\htdocs\wblsite\wp-content\plugins\elementor\includes\base\element-base.php(450): Elementor\Widget_Base->print_content()
#4 C:\xampp\htdocs\wblsite\wp-content\plugins\elementor\includes\base\element-base.php(744): Elementor\Element_Base->print_element()
#5 C:\xampp\htdocs\wblsite\wp-content\plugins\elementor\includes\base\element-base.php(450): Elementor\Element_Base->print_content()
#6 C:\xampp\htdocs\wblsite\wp-content\plugins\elementor\includes\base\element-base.php(744): Elementor\Element_Base->print_element()
#7 C:\xampp\htdocs\wblsite\wp-content\plugins\elementor\includes\base\element-base.php(450): Elementor\Element_Base->print_content()
#8 C:\xampp\htdocs\wblsite\wp-content\plugins\elementor\includes\base\element-base.php(744): Elementor\Element_Base->print_element()
#9 C:\xampp\htdocs\wblsite\wp-content\plugins\elementor\includes\base\element-base.php(450): Elementor\Element_Base->print_content()
#10 C:\xampp\htdocs\wblsite\wp-content\plugins\elementor\includes\base\element-base.php(744): Elementor\Element_Base->print_element()
#11 C:\xampp\htdocs\wblsite\wp-content\plugins\elementor\includes\base\element-base.php(450): Elementor\Element_Base->print_content()
#12 C:\xampp\htdocs\wblsite\wp-content\plugins\elementor\core\base\document.php(1516): Elementor\Element_Base->print_element()
#13 C:\xampp\htdocs\wblsite\wp-content\plugins\elementor\core\base\document.php(989): Elementor\Core\Base\Document->print_elements(Array)
#14 C:\xampp\htdocs\wblsite\wp-content\plugins\elementor\includes\frontend.php(1055): Elementor\Core\Base\Document->print_elements_with_wrapper(Array)
#15 C:\xampp\htdocs\wblsite\wp-content\plugins\elementor\includes\frontend.php(969): Elementor\Frontend->get_builder_content(9761)
#16 C:\xampp\htdocs\wblsite\wp-includes\class-wp-hook.php(303): Elementor\Frontend->apply_builder_in_content('<!-- START Home...')
#17 C:\xampp\htdocs\wblsite\wp-includes\plugin.php(189): WP_Hook->apply_filters('<!-- START Home...', Array)
#18 C:\xampp\htdocs\wblsite\wp-includes\post-template.php(253): apply_filters('the_content', '<!-- START Home...')
#19 C:\xampp\htdocs\wblsite\wp-content\themes\arrowit\templates\content-page.php(3): the_content()
#20 C:\xampp\htdocs\wblsite\wp-includes\template.php(772): require('C:\\xampp\\htdocs...')
#21 C:\xampp\htdocs\wblsite\wp-includes\template.php(716): load_template('C:\\xampp\\htdocs...', false, Array)
#22 C:\xampp\htdocs\wblsite\wp-includes\general-template.php(204): locate_template(Array, true, false, Array)
#23 C:\xampp\htdocs\wblsite\wp-content\themes\arrowit\page.php(9): get_template_part('templates/conte...', 'page')
#24 C:\xampp\htdocs\wblsite\wp-includes\template-loader.php(106): include('C:\\xampp\\htdocs...')
#25 C:\xampp\htdocs\wblsite\wp-blog-header.php(19): require_once('C:\\xampp\\htdocs...')
#26 C:\xampp\htdocs\wblsite\index.php(17): require('C:\\xampp\\htdocs...')
#27 {main}
  thrown in C:\xampp\htdocs\wblsite\wp-content\plugins\arrowpress-core\includes\elementor\widgets\blog.php on line 944

2021-11-16T16:10:59+00:00 CRITICAL Uncaught Error: Class "Elementor\WP_Query" not found in C:\xampp\htdocs\wblsite\wp-content\plugins\arrowpress-core\includes\elementor\widgets\blog.php:944
Stack trace:
#0 C:\xampp\htdocs\wblsite\wp-content\plugins\elementor\includes\base\controls-stack.php(2154): Elementor\Apr_Core_Blog->render()
#1 C:\xampp\htdocs\wblsite\wp-content\plugins\elementor\includes\base\widget-base.php(581): Elementor\Controls_Stack->render_by_mode()
#2 C:\xampp\htdocs\wblsite\wp-content\plugins\elementor\includes\base\widget-base.php(722): Elementor\Widget_Base->render_content()
#3 C:\xampp\htdocs\wblsite\wp-content\plugins\elementor\includes\base\element-base.php(450): Elementor\Widget_Base->print_content()
#4 C:\xampp\htdocs\wblsite\wp-content\plugins\elementor\includes\base\element-base.php(744): Elementor\Element_Base->print_element()
#5 C:\xampp\htdocs\wblsite\wp-content\plugins\elementor\includes\base\element-base.php(450): Elementor\Element_Base->print_content()
#6 C:\xampp\htdocs\wblsite\wp-content\plugins\elementor\includes\base\element-base.php(744): Elementor\Element_Base->print_element()
#7 C:\xampp\htdocs\wblsite\wp-content\plugins\elementor\includes\base\element-base.php(450): Elementor\Element_Base->print_content()
#8 C:\xampp\htdocs\wblsite\wp-content\plugins\elementor\core\base\document.php(1516): Elementor\Element_Base->print_element()
#9 C:\xampp\htdocs\wblsite\wp-content\plugins\elementor\core\base\document.php(989): Elementor\Core\Base\Document->print_elements(Array)
#10 C:\xampp\htdocs\wblsite\wp-content\plugins\elementor\includes\frontend.php(1055): Elementor\Core\Base\Document->print_elements_with_wrapper(Array)
#11 C:\xampp\htdocs\wblsite\wp-content\plugins\elementor\includes\frontend.php(969): Elementor\Frontend->get_builder_content(352)
#12 C:\xampp\htdocs\wblsite\wp-includes\class-wp-hook.php(303): Elementor\Frontend->apply_builder_in_content('<!-- START Home...')
#13 C:\xampp\htdocs\wblsite\wp-includes\plugin.php(189): WP_Hook->apply_filters('<!-- START Home...', Array)
#14 C:\xampp\htdocs\wblsite\wp-includes\post-template.php(253): apply_filters('the_content', '<!-- START Home...')
#15 C:\xampp\htdocs\wblsite\wp-content\themes\arrowit\templates\content-page.php(3): the_content()
#16 C:\xampp\htdocs\wblsite\wp-includes\template.php(772): require('C:\\xampp\\htdocs...')
#17 C:\xampp\htdocs\wblsite\wp-includes\template.php(716): load_template('C:\\xampp\\htdocs...', false, Array)
#18 C:\xampp\htdocs\wblsite\wp-includes\general-template.php(204): locate_template(Array, true, false, Array)
#19 C:\xampp\htdocs\wblsite\wp-content\themes\arrowit\page.php(9): get_template_part('templates/conte...', 'page')
#20 C:\xampp\htdocs\wblsite\wp-includes\template-loader.php(106): include('C:\\xampp\\htdocs...')
#21 C:\xampp\htdocs\wblsite\wp-blog-header.php(19): require_once('C:\\xampp\\htdocs...')
#22 C:\xampp\htdocs\wblsite\index.php(17): require('C:\\xampp\\htdocs...')
#23 {main}
  thrown in C:\xampp\htdocs\wblsite\wp-content\plugins\arrowpress-core\includes\elementor\widgets\blog.php on line 944

2021-11-16T16:14:28+00:00 CRITICAL Uncaught Error: Class "Elementor\WP_Query" not found in C:\xampp\htdocs\wblsite\wp-content\plugins\arrowpress-core\includes\elementor\widgets\portfolio.php:904
Stack trace:
#0 C:\xampp\htdocs\wblsite\wp-content\plugins\elementor\includes\base\controls-stack.php(2154): Elementor\Apr_Core_Portfolio->render()
#1 C:\xampp\htdocs\wblsite\wp-content\plugins\elementor\includes\base\widget-base.php(581): Elementor\Controls_Stack->render_by_mode()
#2 C:\xampp\htdocs\wblsite\wp-content\plugins\elementor\includes\base\widget-base.php(722): Elementor\Widget_Base->render_content()
#3 C:\xampp\htdocs\wblsite\wp-content\plugins\elementor\includes\base\element-base.php(450): Elementor\Widget_Base->print_content()
#4 C:\xampp\htdocs\wblsite\wp-content\plugins\elementor\includes\base\element-base.php(744): Elementor\Element_Base->print_element()
#5 C:\xampp\htdocs\wblsite\wp-content\plugins\elementor\includes\base\element-base.php(450): Elementor\Element_Base->print_content()
#6 C:\xampp\htdocs\wblsite\wp-content\plugins\elementor\includes\base\element-base.php(744): Elementor\Element_Base->print_element()
#7 C:\xampp\htdocs\wblsite\wp-content\plugins\elementor\includes\base\element-base.php(450): Elementor\Element_Base->print_content()
#8 C:\xampp\htdocs\wblsite\wp-content\plugins\elementor\includes\base\element-base.php(744): Elementor\Element_Base->print_element()
#9 C:\xampp\htdocs\wblsite\wp-content\plugins\elementor\includes\base\element-base.php(450): Elementor\Element_Base->print_content()
#10 C:\xampp\htdocs\wblsite\wp-content\plugins\elementor\includes\base\element-base.php(744): Elementor\Element_Base->print_element()
#11 C:\xampp\htdocs\wblsite\wp-content\plugins\elementor\includes\base\element-base.php(450): Elementor\Element_Base->print_content()
#12 C:\xampp\htdocs\wblsite\wp-content\plugins\elementor\core\base\document.php(1516): Elementor\Element_Base->print_element()
#13 C:\xampp\htdocs\wblsite\wp-content\plugins\elementor\core\base\document.php(989): Elementor\Core\Base\Document->print_elements(Array)
#14 C:\xampp\htdocs\wblsite\wp-content\plugins\elementor\includes\frontend.php(1055): Elementor\Core\Base\Document->print_elements_with_wrapper(Array)
#15 C:\xampp\htdocs\wblsite\wp-content\plugins\elementor\includes\frontend.php(969): Elementor\Frontend->get_builder_content(9727)
#16 C:\xampp\htdocs\wblsite\wp-includes\class-wp-hook.php(303): Elementor\Frontend->apply_builder_in_content('<!-- START Home...')
#17 C:\xampp\htdocs\wblsite\wp-includes\plugin.php(189): WP_Hook->apply_filters('<!-- START Home...', Array)
#18 C:\xampp\htdocs\wblsite\wp-includes\post-template.php(253): apply_filters('the_content', '<!-- START Home...')
#19 C:\xampp\htdocs\wblsite\wp-content\themes\arrowit\templates\content-page.php(3): the_content()
#20 C:\xampp\htdocs\wblsite\wp-includes\template.php(772): require('C:\\xampp\\htdocs...')
#21 C:\xampp\htdocs\wblsite\wp-includes\template.php(716): load_template('C:\\xampp\\htdocs...', false, Array)
#22 C:\xampp\htdocs\wblsite\wp-includes\general-template.php(204): locate_template(Array, true, false, Array)
#23 C:\xampp\htdocs\wblsite\wp-content\themes\arrowit\page.php(9): get_template_part('templates/conte...', 'page')
#24 C:\xampp\htdocs\wblsite\wp-includes\template-loader.php(106): include('C:\\xampp\\htdocs...')
#25 C:\xampp\htdocs\wblsite\wp-blog-header.php(19): require_once('C:\\xampp\\htdocs...')
#26 C:\xampp\htdocs\wblsite\index.php(17): require('C:\\xampp\\htdocs...')
#27 {main}
  thrown in C:\xampp\htdocs\wblsite\wp-content\plugins\arrowpress-core\includes\elementor\widgets\portfolio.php on line 904

2021-11-16T16:14:58+00:00 CRITICAL Uncaught Error: Class "Elementor\WP_Query" not found in C:\xampp\htdocs\wblsite\wp-content\plugins\arrowpress-core\includes\elementor\widgets\blog.php:944
Stack trace:
#0 C:\xampp\htdocs\wblsite\wp-content\plugins\elementor\includes\base\controls-stack.php(2154): Elementor\Apr_Core_Blog->render()
#1 C:\xampp\htdocs\wblsite\wp-content\plugins\elementor\includes\base\widget-base.php(581): Elementor\Controls_Stack->render_by_mode()
#2 C:\xampp\htdocs\wblsite\wp-content\plugins\elementor\includes\base\widget-base.php(722): Elementor\Widget_Base->render_content()
#3 C:\xampp\htdocs\wblsite\wp-content\plugins\elementor\includes\base\element-base.php(450): Elementor\Widget_Base->print_content()
#4 C:\xampp\htdocs\wblsite\wp-content\plugins\elementor\includes\base\element-base.php(744): Elementor\Element_Base->print_element()
#5 C:\xampp\htdocs\wblsite\wp-content\plugins\elementor\includes\base\element-base.php(450): Elementor\Element_Base->print_content()
#6 C:\xampp\htdocs\wblsite\wp-content\plugins\elementor\includes\base\element-base.php(744): Elementor\Element_Base->print_element()
#7 C:\xampp\htdocs\wblsite\wp-content\plugins\elementor\includes\base\element-base.php(450): Elementor\Element_Base->print_content()
#8 C:\xampp\htdocs\wblsite\wp-content\plugins\elementor\includes\base\element-base.php(744): Elementor\Element_Base->print_element()
#9 C:\xampp\htdocs\wblsite\wp-content\plugins\elementor\includes\base\element-base.php(450): Elementor\Element_Base->print_content()
#10 C:\xampp\htdocs\wblsite\wp-content\plugins\elementor\includes\base\element-base.php(744): Elementor\Element_Base->print_element()
#11 C:\xampp\htdocs\wblsite\wp-content\plugins\elementor\includes\base\element-base.php(450): Elementor\Element_Base->print_content()
#12 C:\xampp\htdocs\wblsite\wp-content\plugins\elementor\core\base\document.php(1516): Elementor\Element_Base->print_element()
#13 C:\xampp\htdocs\wblsite\wp-content\plugins\elementor\core\base\document.php(989): Elementor\Core\Base\Document->print_elements(Array)
#14 C:\xampp\htdocs\wblsite\wp-content\plugins\elementor\includes\frontend.php(1055): Elementor\Core\Base\Document->print_elements_with_wrapper(Array)
#15 C:\xampp\htdocs\wblsite\wp-content\plugins\elementor\includes\frontend.php(969): Elementor\Frontend->get_builder_content(9761)
#16 C:\xampp\htdocs\wblsite\wp-includes\class-wp-hook.php(303): Elementor\Frontend->apply_builder_in_content('<!-- START Home...')
#17 C:\xampp\htdocs\wblsite\wp-includes\plugin.php(189): WP_Hook->apply_filters('<!-- START Home...', Array)
#18 C:\xampp\htdocs\wblsite\wp-includes\post-template.php(253): apply_filters('the_content', '<!-- START Home...')
#19 C:\xampp\htdocs\wblsite\wp-content\themes\arrowit\templates\content-page.php(3): the_content()
#20 C:\xampp\htdocs\wblsite\wp-includes\template.php(772): require('C:\\xampp\\htdocs...')
#21 C:\xampp\htdocs\wblsite\wp-includes\template.php(716): load_template('C:\\xampp\\htdocs...', false, Array)
#22 C:\xampp\htdocs\wblsite\wp-includes\general-template.php(204): locate_template(Array, true, false, Array)
#23 C:\xampp\htdocs\wblsite\wp-content\themes\arrowit\page.php(9): get_template_part('templates/conte...', 'page')
#24 C:\xampp\htdocs\wblsite\wp-includes\template-loader.php(106): include('C:\\xampp\\htdocs...')
#25 C:\xampp\htdocs\wblsite\wp-blog-header.php(19): require_once('C:\\xampp\\htdocs...')
#26 C:\xampp\htdocs\wblsite\index.php(17): require('C:\\xampp\\htdocs...')
#27 {main}
  thrown in C:\xampp\htdocs\wblsite\wp-content\plugins\arrowpress-core\includes\elementor\widgets\blog.php on line 944

2021-11-16T16:18:11+00:00 CRITICAL Uncaught TypeError: Unsupported operand types: int / string in C:\xampp\htdocs\wblsite\wp-content\plugins\arrowpress-core\includes\elementor\widgets\blog.php:937
Stack trace:
#0 C:\xampp\htdocs\wblsite\wp-content\plugins\elementor\includes\base\controls-stack.php(2154): Elementor\Apr_Core_Blog->render()
#1 C:\xampp\htdocs\wblsite\wp-content\plugins\elementor\includes\base\widget-base.php(581): Elementor\Controls_Stack->render_by_mode()
#2 C:\xampp\htdocs\wblsite\wp-content\plugins\elementor\includes\base\widget-base.php(722): Elementor\Widget_Base->render_content()
#3 C:\xampp\htdocs\wblsite\wp-content\plugins\elementor\includes\base\element-base.php(450): Elementor\Widget_Base->print_content()
#4 C:\xampp\htdocs\wblsite\wp-content\plugins\elementor\includes\base\element-base.php(744): Elementor\Element_Base->print_element()
#5 C:\xampp\htdocs\wblsite\wp-content\plugins\elementor\includes\base\element-base.php(450): Elementor\Element_Base->print_content()
#6 C:\xampp\htdocs\wblsite\wp-content\plugins\elementor\includes\base\element-base.php(744): Elementor\Element_Base->print_element()
#7 C:\xampp\htdocs\wblsite\wp-content\plugins\elementor\includes\base\element-base.php(450): Elementor\Element_Base->print_content()
#8 C:\xampp\htdocs\wblsite\wp-content\plugins\elementor\core\base\document.php(1516): Elementor\Element_Base->print_element()
#9 C:\xampp\htdocs\wblsite\wp-content\plugins\elementor\core\base\document.php(989): Elementor\Core\Base\Document->print_elements(Array)
#10 C:\xampp\htdocs\wblsite\wp-content\plugins\elementor\includes\frontend.php(1055): Elementor\Core\Base\Document->print_elements_with_wrapper(Array)
#11 C:\xampp\htdocs\wblsite\wp-content\plugins\elementor\includes\frontend.php(969): Elementor\Frontend->get_builder_content(2012)
#12 C:\xampp\htdocs\wblsite\wp-includes\class-wp-hook.php(303): Elementor\Frontend->apply_builder_in_content('<!-- START Home...')
#13 C:\xampp\htdocs\wblsite\wp-includes\plugin.php(189): WP_Hook->apply_filters('<!-- START Home...', Array)
#14 C:\xampp\htdocs\wblsite\wp-includes\post-template.php(253): apply_filters('the_content', '<!-- START Home...')
#15 C:\xampp\htdocs\wblsite\wp-content\themes\arrowit\templates\content-page.php(3): the_content()
#16 C:\xampp\htdocs\wblsite\wp-includes\template.php(772): require('C:\\xampp\\htdocs...')
#17 C:\xampp\htdocs\wblsite\wp-includes\template.php(716): load_template('C:\\xampp\\htdocs...', false, Array)
#18 C:\xampp\htdocs\wblsite\wp-includes\general-template.php(204): locate_template(Array, true, false, Array)
#19 C:\xampp\htdocs\wblsite\wp-content\themes\arrowit\page.php(9): get_template_part('templates/conte...', 'page')
#20 C:\xampp\htdocs\wblsite\wp-includes\template-loader.php(106): include('C:\\xampp\\htdocs...')
#21 C:\xampp\htdocs\wblsite\wp-blog-header.php(19): require_once('C:\\xampp\\htdocs...')
#22 C:\xampp\htdocs\wblsite\index.php(17): require('C:\\xampp\\htdocs...')
#23 {main}
  thrown in C:\xampp\htdocs\wblsite\wp-content\plugins\arrowpress-core\includes\elementor\widgets\blog.php on line 937

2021-11-16T16:18:13+00:00 CRITICAL Uncaught Error: Class "Elementor\WP_Query" not found in C:\xampp\htdocs\wblsite\wp-content\plugins\arrowpress-core\includes\elementor\widgets\blog.php:944
Stack trace:
#0 C:\xampp\htdocs\wblsite\wp-content\plugins\elementor\includes\base\controls-stack.php(2154): Elementor\Apr_Core_Blog->render()
#1 C:\xampp\htdocs\wblsite\wp-content\plugins\elementor\includes\base\widget-base.php(581): Elementor\Controls_Stack->render_by_mode()
#2 C:\xampp\htdocs\wblsite\wp-content\plugins\elementor\includes\base\widget-base.php(722): Elementor\Widget_Base->render_content()
#3 C:\xampp\htdocs\wblsite\wp-content\plugins\elementor\includes\base\element-base.php(450): Elementor\Widget_Base->print_content()
#4 C:\xampp\htdocs\wblsite\wp-content\plugins\elementor\includes\base\element-base.php(744): Elementor\Element_Base->print_element()
#5 C:\xampp\htdocs\wblsite\wp-content\plugins\elementor\includes\base\element-base.php(450): Elementor\Element_Base->print_content()
#6 C:\xampp\htdocs\wblsite\wp-content\plugins\elementor\includes\base\element-base.php(744): Elementor\Element_Base->print_element()
#7 C:\xampp\htdocs\wblsite\wp-content\plugins\elementor\includes\base\element-base.php(450): Elementor\Element_Base->print_content()
#8 C:\xampp\htdocs\wblsite\wp-content\plugins\elementor\includes\base\element-base.php(744): Elementor\Element_Base->print_element()
#9 C:\xampp\htdocs\wblsite\wp-content\plugins\elementor\includes\base\element-base.php(450): Elementor\Element_Base->print_content()
#10 C:\xampp\htdocs\wblsite\wp-content\plugins\elementor\includes\base\element-base.php(744): Elementor\Element_Base->print_element()
#11 C:\xampp\htdocs\wblsite\wp-content\plugins\elementor\includes\base\element-base.php(450): Elementor\Element_Base->print_content()
#12 C:\xampp\htdocs\wblsite\wp-content\plugins\elementor\core\base\document.php(1516): Elementor\Element_Base->print_element()
#13 C:\xampp\htdocs\wblsite\wp-content\plugins\elementor\core\base\document.php(989): Elementor\Core\Base\Document->print_elements(Array)
#14 C:\xampp\htdocs\wblsite\wp-content\plugins\elementor\includes\frontend.php(1055): Elementor\Core\Base\Document->print_elements_with_wrapper(Array)
#15 C:\xampp\htdocs\wblsite\wp-content\plugins\elementor\includes\frontend.php(969): Elementor\Frontend->get_builder_content(3589)
#16 C:\xampp\htdocs\wblsite\wp-includes\class-wp-hook.php(303): Elementor\Frontend->apply_builder_in_content('<!-- START Home...')
#17 C:\xampp\htdocs\wblsite\wp-includes\plugin.php(189): WP_Hook->apply_filters('<!-- START Home...', Array)
#18 C:\xampp\htdocs\wblsite\wp-includes\post-template.php(253): apply_filters('the_content', '<!-- START Home...')
#19 C:\xampp\htdocs\wblsite\wp-content\themes\arrowit\templates\content-page.php(3): the_content()
#20 C:\xampp\htdocs\wblsite\wp-includes\template.php(772): require('C:\\xampp\\htdocs...')
#21 C:\xampp\htdocs\wblsite\wp-includes\template.php(716): load_template('C:\\xampp\\htdocs...', false, Array)
#22 C:\xampp\htdocs\wblsite\wp-includes\general-template.php(204): locate_template(Array, true, false, Array)
#23 C:\xampp\htdocs\wblsite\wp-content\themes\arrowit\page.php(9): get_template_part('templates/conte...', 'page')
#24 C:\xampp\htdocs\wblsite\wp-includes\template-loader.php(106): include('C:\\xampp\\htdocs...')
#25 C:\xampp\htdocs\wblsite\wp-blog-header.php(19): require_once('C:\\xampp\\htdocs...')
#26 C:\xampp\htdocs\wblsite\index.php(17): require('C:\\xampp\\htdocs...')
#27 {main}
  thrown in C:\xampp\htdocs\wblsite\wp-content\plugins\arrowpress-core\includes\elementor\widgets\blog.php on line 944

2021-11-16T16:18:15+00:00 CRITICAL Uncaught Error: Class "Elementor\WP_Query" not found in C:\xampp\htdocs\wblsite\wp-content\plugins\arrowpress-core\includes\elementor\widgets\portfolio.php:904
Stack trace:
#0 C:\xampp\htdocs\wblsite\wp-content\plugins\elementor\includes\base\controls-stack.php(2154): Elementor\Apr_Core_Portfolio->render()
#1 C:\xampp\htdocs\wblsite\wp-content\plugins\elementor\includes\base\widget-base.php(581): Elementor\Controls_Stack->render_by_mode()
#2 C:\xampp\htdocs\wblsite\wp-content\plugins\elementor\includes\base\widget-base.php(722): Elementor\Widget_Base->render_content()
#3 C:\xampp\htdocs\wblsite\wp-content\plugins\elementor\includes\base\element-base.php(450): Elementor\Widget_Base->print_content()
#4 C:\xampp\htdocs\wblsite\wp-content\plugins\elementor\includes\base\element-base.php(744): Elementor\Element_Base->print_element()
#5 C:\xampp\htdocs\wblsite\wp-content\plugins\elementor\includes\base\element-base.php(450): Elementor\Element_Base->print_content()
#6 C:\xampp\htdocs\wblsite\wp-content\plugins\elementor\includes\base\element-base.php(744): Elementor\Element_Base->print_element()
#7 C:\xampp\htdocs\wblsite\wp-content\plugins\elementor\includes\base\element-base.php(450): Elementor\Element_Base->print_content()
#8 C:\xampp\htdocs\wblsite\wp-content\plugins\elementor\includes\base\element-base.php(744): Elementor\Element_Base->print_element()
#9 C:\xampp\htdocs\wblsite\wp-content\plugins\elementor\includes\base\element-base.php(450): Elementor\Element_Base->print_content()
#10 C:\xampp\htdocs\wblsite\wp-content\plugins\elementor\includes\base\element-base.php(744): Elementor\Element_Base->print_element()
#11 C:\xampp\htdocs\wblsite\wp-content\plugins\elementor\includes\base\element-base.php(450): Elementor\Element_Base->print_content()
#12 C:\xampp\htdocs\wblsite\wp-content\plugins\elementor\core\base\document.php(1516): Elementor\Element_Base->print_element()
#13 C:\xampp\htdocs\wblsite\wp-content\plugins\elementor\core\base\document.php(989): Elementor\Core\Base\Document->print_elements(Array)
#14 C:\xampp\htdocs\wblsite\wp-content\plugins\elementor\includes\frontend.php(1055): Elementor\Core\Base\Document->print_elements_with_wrapper(Array)
#15 C:\xampp\htdocs\wblsite\wp-content\plugins\elementor\includes\frontend.php(969): Elementor\Frontend->get_builder_content(3131)
#16 C:\xampp\htdocs\wblsite\wp-includes\class-wp-hook.php(303): Elementor\Frontend->apply_builder_in_content('<!-- START Home...')
#17 C:\xampp\htdocs\wblsite\wp-includes\plugin.php(189): WP_Hook->apply_filters('<!-- START Home...', Array)
#18 C:\xampp\htdocs\wblsite\wp-includes\post-template.php(253): apply_filters('the_content', '<!-- START Home...')
#19 C:\xampp\htdocs\wblsite\wp-content\themes\arrowit\templates\content-page.php(3): the_content()
#20 C:\xampp\htdocs\wblsite\wp-includes\template.php(772): require('C:\\xampp\\htdocs...')
#21 C:\xampp\htdocs\wblsite\wp-includes\template.php(716): load_template('C:\\xampp\\htdocs...', false, Array)
#22 C:\xampp\htdocs\wblsite\wp-includes\general-template.php(204): locate_template(Array, true, false, Array)
#23 C:\xampp\htdocs\wblsite\wp-content\themes\arrowit\page.php(9): get_template_part('templates/conte...', 'page')
#24 C:\xampp\htdocs\wblsite\wp-includes\template-loader.php(106): include('C:\\xampp\\htdocs...')
#25 C:\xampp\htdocs\wblsite\wp-blog-header.php(19): require_once('C:\\xampp\\htdocs...')
#26 C:\xampp\htdocs\wblsite\index.php(17): require('C:\\xampp\\htdocs...')
#27 {main}
  thrown in C:\xampp\htdocs\wblsite\wp-content\plugins\arrowpress-core\includes\elementor\widgets\portfolio.php on line 904

2021-11-16T16:19:04+00:00 CRITICAL Uncaught TypeError: Unsupported operand types: int / string in C:\xampp\htdocs\wblsite\wp-content\plugins\arrowpress-core\includes\elementor\widgets\blog.php:937
Stack trace:
#0 C:\xampp\htdocs\wblsite\wp-content\plugins\elementor\includes\base\controls-stack.php(2154): Elementor\Apr_Core_Blog->render()
#1 C:\xampp\htdocs\wblsite\wp-content\plugins\elementor\includes\base\widget-base.php(581): Elementor\Controls_Stack->render_by_mode()
#2 C:\xampp\htdocs\wblsite\wp-content\plugins\elementor\includes\base\widget-base.php(705): Elementor\Widget_Base->render_content()
#3 C:\xampp\htdocs\wblsite\wp-content\plugins\elementor\includes\base\element-base.php(537): Elementor\Widget_Base->get_raw_data(true)
#4 C:\xampp\htdocs\wblsite\wp-content\plugins\elementor\includes\base\element-base.php(537): Elementor\Element_Base->get_raw_data(true)
#5 C:\xampp\htdocs\wblsite\wp-content\plugins\elementor\core\base\document.php(863): Elementor\Element_Base->get_raw_data(true)
#6 C:\xampp\htdocs\wblsite\wp-content\plugins\elementor\core\base\document.php(540): Elementor\Core\Base\Document->get_elements_raw_data(Array, true)
#7 C:\xampp\htdocs\wblsite\wp-content\plugins\elementor\includes\base\controls-stack.php(997): Elementor\Core\Base\Document->get_initial_config()
#8 C:\xampp\htdocs\wblsite\wp-content\plugins\elementor\core\editor\editor.php(528): Elementor\Controls_Stack->get_config()
#9 C:\xampp\htdocs\wblsite\wp-includes\class-wp-hook.php(303): Elementor\Core\Editor\Editor->enqueue_scripts('')
#10 C:\xampp\htdocs\wblsite\wp-includes\class-wp-hook.php(327): WP_Hook->apply_filters('', Array)
#11 C:\xampp\htdocs\wblsite\wp-includes\plugin.php(470): WP_Hook->do_action(Array)
#12 C:\xampp\htdocs\wblsite\wp-includes\script-loader.php(2083): do_action('wp_enqueue_scri...')
#13 C:\xampp\htdocs\wblsite\wp-includes\class-wp-hook.php(303): wp_enqueue_scripts('')
#14 C:\xampp\htdocs\wblsite\wp-includes\class-wp-hook.php(327): WP_Hook->apply_filters('', Array)
#15 C:\xampp\htdocs\wblsite\wp-includes\plugin.php(470): WP_Hook->do_action(Array)
#16 C:\xampp\htdocs\wblsite\wp-includes\general-template.php(3015): do_action('wp_head')
#17 C:\xampp\htdocs\wblsite\wp-content\plugins\elementor\includes\editor-templates\editor-wrapper.php(31): wp_head()
#18 C:\xampp\htdocs\wblsite\wp-content\plugins\elementor\core\editor\editor.php(323): include('C:\\xampp\\htdocs...')
#19 C:\xampp\htdocs\wblsite\wp-content\plugins\elementor\core\editor\editor.php(164): Elementor\Core\Editor\Editor->print_editor_template()
#20 C:\xampp\htdocs\wblsite\wp-includes\class-wp-hook.php(303): Elementor\Core\Editor\Editor->init('')
#21 C:\xampp\htdocs\wblsite\wp-includes\class-wp-hook.php(327): WP_Hook->apply_filters('', Array)
#22 C:\xampp\htdocs\wblsite\wp-includes\plugin.php(470): WP_Hook->do_action(Array)
#23 C:\xampp\htdocs\wblsite\wp-admin\admin.php(408): do_action('admin_action_el...')
#24 C:\xampp\htdocs\wblsite\wp-admin\post.php(12): require_once('C:\\xampp\\htdocs...')
#25 {main}
  thrown in C:\xampp\htdocs\wblsite\wp-content\plugins\arrowpress-core\includes\elementor\widgets\blog.php on line 937

2021-11-16T17:59:16+00:00 CRITICAL Uncaught TypeError: Unsupported operand types: int / string in C:\xampp\htdocs\wblsite\wp-content\plugins\arrowpress-core\includes\elementor\widgets\blog.php:937
Stack trace:
#0 C:\xampp\htdocs\wblsite\wp-content\plugins\elementor\includes\base\controls-stack.php(2154): Elementor\Apr_Core_Blog->render()
#1 C:\xampp\htdocs\wblsite\wp-content\plugins\elementor\includes\base\widget-base.php(581): Elementor\Controls_Stack->render_by_mode()
#2 C:\xampp\htdocs\wblsite\wp-content\plugins\elementor\includes\base\widget-base.php(705): Elementor\Widget_Base->render_content()
#3 C:\xampp\htdocs\wblsite\wp-content\plugins\elementor\includes\base\element-base.php(537): Elementor\Widget_Base->get_raw_data(true)
#4 C:\xampp\htdocs\wblsite\wp-content\plugins\elementor\includes\base\element-base.php(537): Elementor\Element_Base->get_raw_data(true)
#5 C:\xampp\htdocs\wblsite\wp-content\plugins\elementor\core\base\document.php(863): Elementor\Element_Base->get_raw_data(true)
#6 C:\xampp\htdocs\wblsite\wp-content\plugins\elementor\core\base\document.php(540): Elementor\Core\Base\Document->get_elements_raw_data(Array, true)
#7 C:\xampp\htdocs\wblsite\wp-content\plugins\elementor\includes\base\controls-stack.php(997): Elementor\Core\Base\Document->get_initial_config()
#8 C:\xampp\htdocs\wblsite\wp-content\plugins\elementor\core\editor\editor.php(528): Elementor\Controls_Stack->get_config()
#9 C:\xampp\htdocs\wblsite\wp-includes\class-wp-hook.php(303): Elementor\Core\Editor\Editor->enqueue_scripts('')
#10 C:\xampp\htdocs\wblsite\wp-includes\class-wp-hook.php(327): WP_Hook->apply_filters('', Array)
#11 C:\xampp\htdocs\wblsite\wp-includes\plugin.php(470): WP_Hook->do_action(Array)
#12 C:\xampp\htdocs\wblsite\wp-includes\script-loader.php(2083): do_action('wp_enqueue_scri...')
#13 C:\xampp\htdocs\wblsite\wp-includes\class-wp-hook.php(303): wp_enqueue_scripts('')
#14 C:\xampp\htdocs\wblsite\wp-includes\class-wp-hook.php(327): WP_Hook->apply_filters('', Array)
#15 C:\xampp\htdocs\wblsite\wp-includes\plugin.php(470): WP_Hook->do_action(Array)
#16 C:\xampp\htdocs\wblsite\wp-includes\general-template.php(3015): do_action('wp_head')
#17 C:\xampp\htdocs\wblsite\wp-content\plugins\elementor\includes\editor-templates\editor-wrapper.php(31): wp_head()
#18 C:\xampp\htdocs\wblsite\wp-content\plugins\elementor\core\editor\editor.php(323): include('C:\\xampp\\htdocs...')
#19 C:\xampp\htdocs\wblsite\wp-content\plugins\elementor\core\editor\editor.php(164): Elementor\Core\Editor\Editor->print_editor_template()
#20 C:\xampp\htdocs\wblsite\wp-includes\class-wp-hook.php(303): Elementor\Core\Editor\Editor->init('')
#21 C:\xampp\htdocs\wblsite\wp-includes\class-wp-hook.php(327): WP_Hook->apply_filters('', Array)
#22 C:\xampp\htdocs\wblsite\wp-includes\plugin.php(470): WP_Hook->do_action(Array)
#23 C:\xampp\htdocs\wblsite\wp-admin\admin.php(408): do_action('admin_action_el...')
#24 C:\xampp\htdocs\wblsite\wp-admin\post.php(12): require_once('C:\\xampp\\htdocs...')
#25 {main}
  thrown in C:\xampp\htdocs\wblsite\wp-content\plugins\arrowpress-core\includes\elementor\widgets\blog.php on line 937

2021-11-16T18:12:42+00:00 CRITICAL Uncaught Error: Class "Elementor\WP_Query" not found in C:\xampp\htdocs\wblsite\wp-content\plugins\arrowpress-core\includes\elementor\widgets\blog.php:944
Stack trace:
#0 C:\xampp\htdocs\wblsite\wp-content\plugins\elementor\includes\base\controls-stack.php(2154): Elementor\Apr_Core_Blog->render()
#1 C:\xampp\htdocs\wblsite\wp-content\plugins\elementor\includes\base\widget-base.php(581): Elementor\Controls_Stack->render_by_mode()
#2 C:\xampp\htdocs\wblsite\wp-content\plugins\elementor\includes\base\widget-base.php(722): Elementor\Widget_Base->render_content()
#3 C:\xampp\htdocs\wblsite\wp-content\plugins\elementor\includes\base\element-base.php(450): Elementor\Widget_Base->print_content()
#4 C:\xampp\htdocs\wblsite\wp-content\plugins\elementor\includes\base\element-base.php(744): Elementor\Element_Base->print_element()
#5 C:\xampp\htdocs\wblsite\wp-content\plugins\elementor\includes\base\element-base.php(450): Elementor\Element_Base->print_content()
#6 C:\xampp\htdocs\wblsite\wp-content\plugins\elementor\includes\base\element-base.php(744): Elementor\Element_Base->print_element()
#7 C:\xampp\htdocs\wblsite\wp-content\plugins\elementor\includes\base\element-base.php(450): Elementor\Element_Base->print_content()
#8 C:\xampp\htdocs\wblsite\wp-content\plugins\elementor\includes\base\element-base.php(744): Elementor\Element_Base->print_element()
#9 C:\xampp\htdocs\wblsite\wp-content\plugins\elementor\includes\base\element-base.php(450): Elementor\Element_Base->print_content()
#10 C:\xampp\htdocs\wblsite\wp-content\plugins\elementor\includes\base\element-base.php(744): Elementor\Element_Base->print_element()
#11 C:\xampp\htdocs\wblsite\wp-content\plugins\elementor\includes\base\element-base.php(450): Elementor\Element_Base->print_content()
#12 C:\xampp\htdocs\wblsite\wp-content\plugins\elementor\core\base\document.php(1516): Elementor\Element_Base->print_element()
#13 C:\xampp\htdocs\wblsite\wp-content\plugins\elementor\core\base\document.php(989): Elementor\Core\Base\Document->print_elements(Array)
#14 C:\xampp\htdocs\wblsite\wp-content\plugins\elementor\includes\frontend.php(1055): Elementor\Core\Base\Document->print_elements_with_wrapper(Array)
#15 C:\xampp\htdocs\wblsite\wp-content\plugins\elementor\includes\frontend.php(969): Elementor\Frontend->get_builder_content(9761)
#16 C:\xampp\htdocs\wblsite\wp-includes\class-wp-hook.php(303): Elementor\Frontend->apply_builder_in_content('<!-- START Home...')
#17 C:\xampp\htdocs\wblsite\wp-includes\plugin.php(189): WP_Hook->apply_filters('<!-- START Home...', Array)
#18 C:\xampp\htdocs\wblsite\wp-includes\post-template.php(253): apply_filters('the_content', '<!-- START Home...')
#19 C:\xampp\htdocs\wblsite\wp-content\themes\arrowit\templates\content-page.php(3): the_content()
#20 C:\xampp\htdocs\wblsite\wp-includes\template.php(772): require('C:\\xampp\\htdocs...')
#21 C:\xampp\htdocs\wblsite\wp-includes\template.php(716): load_template('C:\\xampp\\htdocs...', false, Array)
#22 C:\xampp\htdocs\wblsite\wp-includes\general-template.php(204): locate_template(Array, true, false, Array)
#23 C:\xampp\htdocs\wblsite\wp-content\themes\arrowit\page.php(9): get_template_part('templates/conte...', 'page')
#24 C:\xampp\htdocs\wblsite\wp-includes\template-loader.php(106): include('C:\\xampp\\htdocs...')
#25 C:\xampp\htdocs\wblsite\wp-blog-header.php(19): require_once('C:\\xampp\\htdocs...')
#26 C:\xampp\htdocs\wblsite\index.php(17): require('C:\\xampp\\htdocs...')
#27 {main}
  thrown in C:\xampp\htdocs\wblsite\wp-content\plugins\arrowpress-core\includes\elementor\widgets\blog.php on line 944

2021-11-16T18:12:56+00:00 CRITICAL Uncaught Error: Class "Elementor\WP_Query" not found in C:\xampp\htdocs\wblsite\wp-content\plugins\arrowpress-core\includes\elementor\widgets\blog.php:944
Stack trace:
#0 C:\xampp\htdocs\wblsite\wp-content\plugins\elementor\includes\base\controls-stack.php(2154): Elementor\Apr_Core_Blog->render()
#1 C:\xampp\htdocs\wblsite\wp-content\plugins\elementor\includes\base\widget-base.php(581): Elementor\Controls_Stack->render_by_mode()
#2 C:\xampp\htdocs\wblsite\wp-content\plugins\elementor\includes\base\widget-base.php(722): Elementor\Widget_Base->render_content()
#3 C:\xampp\htdocs\wblsite\wp-content\plugins\elementor\includes\base\element-base.php(450): Elementor\Widget_Base->print_content()
#4 C:\xampp\htdocs\wblsite\wp-content\plugins\elementor\includes\base\element-base.php(744): Elementor\Element_Base->print_element()
#5 C:\xampp\htdocs\wblsite\wp-content\plugins\elementor\includes\base\element-base.php(450): Elementor\Element_Base->print_content()
#6 C:\xampp\htdocs\wblsite\wp-content\plugins\elementor\includes\base\element-base.php(744): Elementor\Element_Base->print_element()
#7 C:\xampp\htdocs\wblsite\wp-content\plugins\elementor\includes\base\element-base.php(450): Elementor\Element_Base->print_content()
#8 C:\xampp\htdocs\wblsite\wp-content\plugins\elementor\includes\base\element-base.php(744): Elementor\Element_Base->print_element()
#9 C:\xampp\htdocs\wblsite\wp-content\plugins\elementor\includes\base\element-base.php(450): Elementor\Element_Base->print_content()
#10 C:\xampp\htdocs\wblsite\wp-content\plugins\elementor\includes\base\element-base.php(744): Elementor\Element_Base->print_element()
#11 C:\xampp\htdocs\wblsite\wp-content\plugins\elementor\includes\base\element-base.php(450): Elementor\Element_Base->print_content()
#12 C:\xampp\htdocs\wblsite\wp-content\plugins\elementor\core\base\document.php(1516): Elementor\Element_Base->print_element()
#13 C:\xampp\htdocs\wblsite\wp-content\plugins\elementor\core\base\document.php(989): Elementor\Core\Base\Document->print_elements(Array)
#14 C:\xampp\htdocs\wblsite\wp-content\plugins\elementor\includes\frontend.php(1055): Elementor\Core\Base\Document->print_elements_with_wrapper(Array)
#15 C:\xampp\htdocs\wblsite\wp-content\plugins\elementor\includes\frontend.php(969): Elementor\Frontend->get_builder_content(3589)
#16 C:\xampp\htdocs\wblsite\wp-includes\class-wp-hook.php(303): Elementor\Frontend->apply_builder_in_content('<!-- START Home...')
#17 C:\xampp\htdocs\wblsite\wp-includes\plugin.php(189): WP_Hook->apply_filters('<!-- START Home...', Array)
#18 C:\xampp\htdocs\wblsite\wp-includes\post-template.php(253): apply_filters('the_content', '<!-- START Home...')
#19 C:\xampp\htdocs\wblsite\wp-content\themes\arrowit\templates\content-page.php(3): the_content()
#20 C:\xampp\htdocs\wblsite\wp-includes\template.php(772): require('C:\\xampp\\htdocs...')
#21 C:\xampp\htdocs\wblsite\wp-includes\template.php(716): load_template('C:\\xampp\\htdocs...', false, Array)
#22 C:\xampp\htdocs\wblsite\wp-includes\general-template.php(204): locate_template(Array, true, false, Array)
#23 C:\xampp\htdocs\wblsite\wp-content\themes\arrowit\page.php(9): get_template_part('templates/conte...', 'page')
#24 C:\xampp\htdocs\wblsite\wp-includes\template-loader.php(106): include('C:\\xampp\\htdocs...')
#25 C:\xampp\htdocs\wblsite\wp-blog-header.php(19): require_once('C:\\xampp\\htdocs...')
#26 C:\xampp\htdocs\wblsite\index.php(17): require('C:\\xampp\\htdocs...')
#27 {main}
  thrown in C:\xampp\htdocs\wblsite\wp-content\plugins\arrowpress-core\includes\elementor\widgets\blog.php on line 944

2021-11-16T18:13:08+00:00 CRITICAL Uncaught Error: Class "Elementor\WP_Query" not found in C:\xampp\htdocs\wblsite\wp-content\plugins\arrowpress-core\includes\elementor\widgets\blog.php:944
Stack trace:
#0 C:\xampp\htdocs\wblsite\wp-content\plugins\elementor\includes\base\controls-stack.php(2154): Elementor\Apr_Core_Blog->render()
#1 C:\xampp\htdocs\wblsite\wp-content\plugins\elementor\includes\base\widget-base.php(581): Elementor\Controls_Stack->render_by_mode()
#2 C:\xampp\htdocs\wblsite\wp-content\plugins\elementor\includes\base\widget-base.php(722): Elementor\Widget_Base->render_content()
#3 C:\xampp\htdocs\wblsite\wp-content\plugins\elementor\includes\base\element-base.php(450): Elementor\Widget_Base->print_content()
#4 C:\xampp\htdocs\wblsite\wp-content\plugins\elementor\includes\base\element-base.php(744): Elementor\Element_Base->print_element()
#5 C:\xampp\htdocs\wblsite\wp-content\plugins\elementor\includes\base\element-base.php(450): Elementor\Element_Base->print_content()
#6 C:\xampp\htdocs\wblsite\wp-content\plugins\elementor\includes\base\element-base.php(744): Elementor\Element_Base->print_element()
#7 C:\xampp\htdocs\wblsite\wp-content\plugins\elementor\includes\base\element-base.php(450): Elementor\Element_Base->print_content()
#8 C:\xampp\htdocs\wblsite\wp-content\plugins\elementor\core\base\document.php(1516): Elementor\Element_Base->print_element()
#9 C:\xampp\htdocs\wblsite\wp-content\plugins\elementor\core\base\document.php(989): Elementor\Core\Base\Document->print_elements(Array)
#10 C:\xampp\htdocs\wblsite\wp-content\plugins\elementor\includes\frontend.php(1055): Elementor\Core\Base\Document->print_elements_with_wrapper(Array)
#11 C:\xampp\htdocs\wblsite\wp-content\plugins\elementor\includes\frontend.php(969): Elementor\Frontend->get_builder_content(352)
#12 C:\xampp\htdocs\wblsite\wp-includes\class-wp-hook.php(303): Elementor\Frontend->apply_builder_in_content('<!-- START Home...')
#13 C:\xampp\htdocs\wblsite\wp-includes\plugin.php(189): WP_Hook->apply_filters('<!-- START Home...', Array)
#14 C:\xampp\htdocs\wblsite\wp-includes\post-template.php(253): apply_filters('the_content', '<!-- START Home...')
#15 C:\xampp\htdocs\wblsite\wp-content\themes\arrowit\templates\content-page.php(3): the_content()
#16 C:\xampp\htdocs\wblsite\wp-includes\template.php(772): require('C:\\xampp\\htdocs...')
#17 C:\xampp\htdocs\wblsite\wp-includes\template.php(716): load_template('C:\\xampp\\htdocs...', false, Array)
#18 C:\xampp\htdocs\wblsite\wp-includes\general-template.php(204): locate_template(Array, true, false, Array)
#19 C:\xampp\htdocs\wblsite\wp-content\themes\arrowit\page.php(9): get_template_part('templates/conte...', 'page')
#20 C:\xampp\htdocs\wblsite\wp-includes\template-loader.php(106): include('C:\\xampp\\htdocs...')
#21 C:\xampp\htdocs\wblsite\wp-blog-header.php(19): require_once('C:\\xampp\\htdocs...')
#22 C:\xampp\htdocs\wblsite\index.php(17): require('C:\\xampp\\htdocs...')
#23 {main}
  thrown in C:\xampp\htdocs\wblsite\wp-content\plugins\arrowpress-core\includes\elementor\widgets\blog.php on line 944

2021-11-16T18:13:24+00:00 CRITICAL Uncaught Error: Class "Elementor\WP_Query" not found in C:\xampp\htdocs\wblsite\wp-content\plugins\arrowpress-core\includes\elementor\widgets\blog.php:944
Stack trace:
#0 C:\xampp\htdocs\wblsite\wp-content\plugins\elementor\includes\base\controls-stack.php(2154): Elementor\Apr_Core_Blog->render()
#1 C:\xampp\htdocs\wblsite\wp-content\plugins\elementor\includes\base\widget-base.php(581): Elementor\Controls_Stack->render_by_mode()
#2 C:\xampp\htdocs\wblsite\wp-content\plugins\elementor\includes\base\widget-base.php(722): Elementor\Widget_Base->render_content()
#3 C:\xampp\htdocs\wblsite\wp-content\plugins\elementor\includes\base\element-base.php(450): Elementor\Widget_Base->print_content()
#4 C:\xampp\htdocs\wblsite\wp-content\plugins\elementor\includes\base\element-base.php(744): Elementor\Element_Base->print_element()
#5 C:\xampp\htdocs\wblsite\wp-content\plugins\elementor\includes\base\element-base.php(450): Elementor\Element_Base->print_content()
#6 C:\xampp\htdocs\wblsite\wp-content\plugins\elementor\includes\base\element-base.php(744): Elementor\Element_Base->print_element()
#7 C:\xampp\htdocs\wblsite\wp-content\plugins\elementor\includes\base\element-base.php(450): Elementor\Element_Base->print_content()
#8 C:\xampp\htdocs\wblsite\wp-content\plugins\elementor\includes\base\element-base.php(744): Elementor\Element_Base->print_element()
#9 C:\xampp\htdocs\wblsite\wp-content\plugins\elementor\includes\base\element-base.php(450): Elementor\Element_Base->print_content()
#10 C:\xampp\htdocs\wblsite\wp-content\plugins\elementor\includes\base\element-base.php(744): Elementor\Element_Base->print_element()
#11 C:\xampp\htdocs\wblsite\wp-content\plugins\elementor\includes\base\element-base.php(450): Elementor\Element_Base->print_content()
#12 C:\xampp\htdocs\wblsite\wp-content\plugins\elementor\core\base\document.php(1516): Elementor\Element_Base->print_element()
#13 C:\xampp\htdocs\wblsite\wp-content\plugins\elementor\core\base\document.php(989): Elementor\Core\Base\Document->print_elements(Array)
#14 C:\xampp\htdocs\wblsite\wp-content\plugins\elementor\includes\frontend.php(1055): Elementor\Core\Base\Document->print_elements_with_wrapper(Array)
#15 C:\xampp\htdocs\wblsite\wp-content\plugins\elementor\includes\frontend.php(969): Elementor\Frontend->get_builder_content(9761)
#16 C:\xampp\htdocs\wblsite\wp-includes\class-wp-hook.php(303): Elementor\Frontend->apply_builder_in_content('<!-- START Home...')
#17 C:\xampp\htdocs\wblsite\wp-includes\plugin.php(189): WP_Hook->apply_filters('<!-- START Home...', Array)
#18 C:\xampp\htdocs\wblsite\wp-includes\post-template.php(253): apply_filters('the_content', '<!-- START Home...')
#19 C:\xampp\htdocs\wblsite\wp-content\themes\arrowit\templates\content-page.php(3): the_content()
#20 C:\xampp\htdocs\wblsite\wp-includes\template.php(772): require('C:\\xampp\\htdocs...')
#21 C:\xampp\htdocs\wblsite\wp-includes\template.php(716): load_template('C:\\xampp\\htdocs...', false, Array)
#22 C:\xampp\htdocs\wblsite\wp-includes\general-template.php(204): locate_template(Array, true, false, Array)
#23 C:\xampp\htdocs\wblsite\wp-content\themes\arrowit\page.php(9): get_template_part('templates/conte...', 'page')
#24 C:\xampp\htdocs\wblsite\wp-includes\template-loader.php(106): include('C:\\xampp\\htdocs...')
#25 C:\xampp\htdocs\wblsite\wp-blog-header.php(19): require_once('C:\\xampp\\htdocs...')
#26 C:\xampp\htdocs\wblsite\index.php(17): require('C:\\xampp\\htdocs...')
#27 {main}
  thrown in C:\xampp\htdocs\wblsite\wp-content\plugins\arrowpress-core\includes\elementor\widgets\blog.php on line 944

2021-11-16T18:13:35+00:00 CRITICAL Uncaught Error: Class "Elementor\WP_Query" not found in C:\xampp\htdocs\wblsite\wp-content\plugins\arrowpress-core\includes\elementor\widgets\blog.php:944
Stack trace:
#0 C:\xampp\htdocs\wblsite\wp-content\plugins\elementor\includes\base\controls-stack.php(2154): Elementor\Apr_Core_Blog->render()
#1 C:\xampp\htdocs\wblsite\wp-content\plugins\elementor\includes\base\widget-base.php(581): Elementor\Controls_Stack->render_by_mode()
#2 C:\xampp\htdocs\wblsite\wp-content\plugins\elementor\includes\base\widget-base.php(722): Elementor\Widget_Base->render_content()
#3 C:\xampp\htdocs\wblsite\wp-content\plugins\elementor\includes\base\element-base.php(450): Elementor\Widget_Base->print_content()
#4 C:\xampp\htdocs\wblsite\wp-content\plugins\elementor\includes\base\element-base.php(744): Elementor\Element_Base->print_element()
#5 C:\xampp\htdocs\wblsite\wp-content\plugins\elementor\includes\base\element-base.php(450): Elementor\Element_Base->print_content()
#6 C:\xampp\htdocs\wblsite\wp-content\plugins\elementor\includes\base\element-base.php(744): Elementor\Element_Base->print_element()
#7 C:\xampp\htdocs\wblsite\wp-content\plugins\elementor\includes\base\element-base.php(450): Elementor\Element_Base->print_content()
#8 C:\xampp\htdocs\wblsite\wp-content\plugins\elementor\includes\base\element-base.php(744): Elementor\Element_Base->print_element()
#9 C:\xampp\htdocs\wblsite\wp-content\plugins\elementor\includes\base\element-base.php(450): Elementor\Element_Base->print_content()
#10 C:\xampp\htdocs\wblsite\wp-content\plugins\elementor\includes\base\element-base.php(744): Elementor\Element_Base->print_element()
#11 C:\xampp\htdocs\wblsite\wp-content\plugins\elementor\includes\base\element-base.php(450): Elementor\Element_Base->print_content()
#12 C:\xampp\htdocs\wblsite\wp-content\plugins\elementor\core\base\document.php(1516): Elementor\Element_Base->print_element()
#13 C:\xampp\htdocs\wblsite\wp-content\plugins\elementor\core\base\document.php(989): Elementor\Core\Base\Document->print_elements(Array)
#14 C:\xampp\htdocs\wblsite\wp-content\plugins\elementor\includes\frontend.php(1055): Elementor\Core\Base\Document->print_elements_with_wrapper(Array)
#15 C:\xampp\htdocs\wblsite\wp-content\plugins\elementor\includes\frontend.php(969): Elementor\Frontend->get_builder_content(9761)
#16 C:\xampp\htdocs\wblsite\wp-includes\class-wp-hook.php(303): Elementor\Frontend->apply_builder_in_content('<!-- START Home...')
#17 C:\xampp\htdocs\wblsite\wp-includes\plugin.php(189): WP_Hook->apply_filters('<!-- START Home...', Array)
#18 C:\xampp\htdocs\wblsite\wp-includes\post-template.php(253): apply_filters('the_content', '<!-- START Home...')
#19 C:\xampp\htdocs\wblsite\wp-content\themes\arrowit\templates\content-page.php(3): the_content()
#20 C:\xampp\htdocs\wblsite\wp-includes\template.php(772): require('C:\\xampp\\htdocs...')
#21 C:\xampp\htdocs\wblsite\wp-includes\template.php(716): load_template('C:\\xampp\\htdocs...', false, Array)
#22 C:\xampp\htdocs\wblsite\wp-includes\general-template.php(204): locate_template(Array, true, false, Array)
#23 C:\xampp\htdocs\wblsite\wp-content\themes\arrowit\page.php(9): get_template_part('templates/conte...', 'page')
#24 C:\xampp\htdocs\wblsite\wp-includes\template-loader.php(106): include('C:\\xampp\\htdocs...')
#25 C:\xampp\htdocs\wblsite\wp-blog-header.php(19): require_once('C:\\xampp\\htdocs...')
#26 C:\xampp\htdocs\wblsite\index.php(17): require('C:\\xampp\\htdocs...')
#27 {main}
  thrown in C:\xampp\htdocs\wblsite\wp-content\plugins\arrowpress-core\includes\elementor\widgets\blog.php on line 944

